# JRE version: Java(TM) SE Runtime Environment (8.0_181-b13) (build 1.8.0_181-b13)
# Java VM: Java HotSpot(TM) 64-Bit Server VM (25.181-b13 mixed mode windows-amd64 compressed oops)
Heap:
 PSYoungGen      total 76288K, used 64744K [0x00000000f5580000, 0x00000000fce00000, 0x0000000100000000)
  eden space 65536K, 83% used [0x00000000f5580000,0x00000000f8ada3a8,0x00000000f9580000)
  from space 10752K, 94% used [0x00000000f9580000,0x00000000f9f60020,0x00000000fa000000)
  to   space 12800K, 0% used [0x00000000fc180000,0x00000000fc180000,0x00000000fce00000)
 ParOldGen       total 175104K, used 11031K [0x00000000e0000000, 0x00000000eab00000, 0x00000000f5580000)
  object space 175104K, 6% used [0x00000000e0000000,0x00000000e0ac5d38,0x00000000eab00000)
 Metaspace       used 33963K, capacity 34654K, committed 35072K, reserved 1079296K
  class space    used 4757K, capacity 5003K, committed 5120K, reserved 1048576K
GC Heap History (10 events):
Event: 2.499 GC heap before
{Heap before GC invocations=2 (full 0):
 PSYoungGen      total 76288K, used 72027K [0x00000000f5580000, 0x00000000faa80000, 0x0000000100000000)
  eden space 65536K, 100% used [0x00000000f5580000,0x00000000f9580000,0x00000000f9580000)
  from space 10752K, 60% used [0x00000000f9580000,0x00000000f9bd6c98,0x00000000fa000000)
  to   space 10752K, 0% used [0x00000000fa000000,0x00000000fa000000,0x00000000faa80000)
 ParOldGen       total 175104K, used 16K [0x00000000e0000000, 0x00000000eab00000, 0x00000000f5580000)
  object space 175104K, 0% used [0x00000000e0000000,0x00000000e0004000,0x00000000eab00000)
 Metaspace       used 14999K, capacity 15428K, committed 15616K, reserved 1062912K
  class space    used 2166K, capacity 2302K, committed 2304K, reserved 1048576K
Event: 2.513 GC heap after
Heap after GC invocations=2 (full 0):
 PSYoungGen      total 76288K, used 10027K [0x00000000f5580000, 0x00000000faa80000, 0x0000000100000000)
  eden space 65536K, 0% used [0x00000000f5580000,0x00000000f5580000,0x00000000f9580000)
  from space 10752K, 93% used [0x00000000fa000000,0x00000000fa9cae78,0x00000000faa80000)
  to   space 10752K, 0% used [0x00000000f9580000,0x00000000f9580000,0x00000000fa000000)
 ParOldGen       total 175104K, used 24K [0x00000000e0000000, 0x00000000eab00000, 0x00000000f5580000)
  object space 175104K, 0% used [0x00000000e0000000,0x00000000e0006000,0x00000000eab00000)
 Metaspace       used 14999K, capacity 15428K, committed 15616K, reserved 1062912K
  class space    used 2166K, capacity 2302K, committed 2304K, reserved 1048576K
}
Event: 3.346 GC heap before
{Heap before GC invocations=3 (full 0):
 PSYoungGen      total 76288K, used 62756K [0x00000000f5580000, 0x00000000faa80000, 0x0000000100000000)
  eden space 65536K, 80% used [0x00000000f5580000,0x00000000f88fe560,0x00000000f9580000)
  from space 10752K, 93% used [0x00000000fa000000,0x00000000fa9cae78,0x00000000faa80000)
  to   space 10752K, 0% used [0x00000000f9580000,0x00000000f9580000,0x00000000fa000000)
 ParOldGen       total 175104K, used 24K [0x00000000e0000000, 0x00000000eab00000, 0x00000000f5580000)
  object space 175104K, 0% used [0x00000000e0000000,0x00000000e0006000,0x00000000eab00000)
 Metaspace       used 20741K, capacity 21132K, committed 21248K, reserved 1067008K
  class space    used 2930K, capacity 3072K, committed 3072K, reserved 1048576K
Event: 3.356 GC heap after
Heap after GC invocations=3 (full 0):
 PSYoungGen      total 76288K, used 10739K [0x00000000f5580000, 0x00000000faa80000, 0x0000000100000000)
  eden space 65536K, 0% used [0x00000000f5580000,0x00000000f5580000,0x00000000f9580000)
  from space 10752K, 99% used [0x00000000f9580000,0x00000000f9ffcc60,0x00000000fa000000)
  to   space 10752K, 0% used [0x00000000fa000000,0x00000000fa000000,0x00000000faa80000)
 ParOldGen       total 175104K, used 596K [0x00000000e0000000, 0x00000000eab00000, 0x00000000f5580000)
  object space 175104K, 0% used [0x00000000e0000000,0x00000000e0095180,0x00000000eab00000)
 Metaspace       used 20741K, capacity 21132K, committed 21248K, reserved 1067008K
  class space    used 2930K, capacity 3072K, committed 3072K, reserved 1048576K
}
Event: 3.356 GC heap before
{Heap before GC invocations=4 (full 1):
 PSYoungGen      total 76288K, used 10739K [0x00000000f5580000, 0x00000000faa80000, 0x0000000100000000)
  eden space 65536K, 0% used [0x00000000f5580000,0x00000000f5580000,0x00000000f9580000)
  from space 10752K, 99% used [0x00000000f9580000,0x00000000f9ffcc60,0x00000000fa000000)
  to   space 10752K, 0% used [0x00000000fa000000,0x00000000fa000000,0x00000000faa80000)
 ParOldGen       total 175104K, used 596K [0x00000000e0000000, 0x00000000eab00000, 0x00000000f5580000)
  object space 175104K, 0% used [0x00000000e0000000,0x00000000e0095180,0x00000000eab00000)
 Metaspace       used 20741K, capacity 21132K, committed 21248K, reserved 1067008K
  class space    used 2930K, capacity 3072K, committed 3072K, reserved 1048576K
Event: 3.393 GC heap after
Heap after GC invocations=4 (full 1):
 PSYoungGen      total 76288K, used 0K [0x00000000f5580000, 0x00000000faa80000, 0x0000000100000000)
  eden space 65536K, 0% used [0x00000000f5580000,0x00000000f5580000,0x00000000f9580000)
  from space 10752K, 0% used [0x00000000f9580000,0x00000000f9580000,0x00000000fa000000)
  to   space 10752K, 0% used [0x00000000fa000000,0x00000000fa000000,0x00000000faa80000)
 ParOldGen       total 175104K, used 11015K [0x00000000e0000000, 0x00000000eab00000, 0x00000000f5580000)
  object space 175104K, 6% used [0x00000000e0000000,0x00000000e0ac1d38,0x00000000eab00000)
 Metaspace       used 20741K, capacity 21132K, committed 21248K, reserved 1067008K
  class space    used 2930K, capacity 3072K, committed 3072K, reserved 1048576K
}
Event: 7.945 GC heap before
{Heap before GC invocations=5 (full 1):
 PSYoungGen      total 76288K, used 65536K [0x00000000f5580000, 0x00000000faa80000, 0x0000000100000000)
  eden space 65536K, 100% used [0x00000000f5580000,0x00000000f9580000,0x00000000f9580000)
  from space 10752K, 0% used [0x00000000f9580000,0x00000000f9580000,0x00000000fa000000)
  to   space 10752K, 0% used [0x00000000fa000000,0x00000000fa000000,0x00000000faa80000)
 ParOldGen       total 175104K, used 11015K [0x00000000e0000000, 0x00000000eab00000, 0x00000000f5580000)
  object space 175104K, 6% used [0x00000000e0000000,0x00000000e0ac1d38,0x00000000eab00000)
 Metaspace       used 27512K, capacity 27992K, committed 28288K, reserved 1073152K
  class space    used 3730K, capacity 3885K, committed 3968K, reserved 1048576K
Event: 7.952 GC heap after
Heap after GC invocations=5 (full 1):
 PSYoungGen      total 76288K, used 8034K [0x00000000f5580000, 0x00000000fc500000, 0x0000000100000000)
  eden space 65536K, 0% used [0x00000000f5580000,0x00000000f5580000,0x00000000f9580000)
  from space 10752K, 74% used [0x00000000fa000000,0x00000000fa7d8a20,0x00000000faa80000)
  to   space 10752K, 0% used [0x00000000f9580000,0x00000000f9580000,0x00000000fa000000)
 ParOldGen       total 175104K, used 11023K [0x00000000e0000000, 0x00000000eab00000, 0x00000000f5580000)
  object space 175104K, 6% used [0x00000000e0000000,0x00000000e0ac3d38,0x00000000eab00000)
 Metaspace       used 27512K, capacity 27992K, committed 28288K, reserved 1073152K
  class space    used 3730K, capacity 3885K, committed 3968K, reserved 1048576K
}
Event: 8.504 GC heap before
{Heap before GC invocations=6 (full 1):
 PSYoungGen      total 76288K, used 73570K [0x00000000f5580000, 0x00000000fc500000, 0x0000000100000000)
  eden space 65536K, 100% used [0x00000000f5580000,0x00000000f9580000,0x00000000f9580000)
  from space 10752K, 74% used [0x00000000fa000000,0x00000000fa7d8a20,0x00000000faa80000)
  to   space 10752K, 0% used [0x00000000f9580000,0x00000000f9580000,0x00000000fa000000)
 ParOldGen       total 175104K, used 11023K [0x00000000e0000000, 0x00000000eab00000, 0x00000000f5580000)
  object space 175104K, 6% used [0x00000000e0000000,0x00000000e0ac3d38,0x00000000eab00000)
 Metaspace       used 30886K, capacity 31486K, committed 31744K, reserved 1077248K
  class space    used 4299K, capacity 4537K, committed 4608K, reserved 1048576K
Event: 8.515 GC heap after
Heap after GC invocations=6 (full 1):
 PSYoungGen      total 76288K, used 10112K [0x00000000f5580000, 0x00000000fce00000, 0x0000000100000000)
  eden space 65536K, 0% used [0x00000000f5580000,0x00000000f5580000,0x00000000f9580000)
  from space 10752K, 94% used [0x00000000f9580000,0x00000000f9f60020,0x00000000fa000000)
  to   space 12800K, 0% used [0x00000000fc180000,0x00000000fc180000,0x00000000fce00000)
 ParOldGen       total 175104K, used 11031K [0x00000000e0000000, 0x00000000eab00000, 0x00000000f5580000)
  object space 175104K, 6% used [0x00000000e0000000,0x00000000e0ac5d38,0x00000000eab00000)
 Metaspace       used 30886K, capacity 31486K, committed 31744K, reserved 1077248K
  class space    used 4299K, capacity 4537K, committed 4608K, reserved 1048576K
}

